
max diff for correct model: 0.0
max diff for vague model: 0.0

max diff for correct model: 0.0
max diff for vague model: 0.0

max diff for correct model: 0.0
max diff for vague model: 0.0

max diff for correct model: 0.0
max diff for vague model: 0.0

max diff for correct model: 0.0
max diff for vague model: 0.0

max diff for correct model: 0.0
max diff for vague model: 0.0

max diff for correct model: 0.0
max diff for vague model: 0.0

max diff for correct model: 0.0
max diff for vague model: 0.0

max diff for correct model: 0.0
max diff for vague model: 0.0

max diff for correct model: 0.0
max diff for vague model: 0.0

max diff for correct model: 6.00002749707e-08
max diff for vague model: 0.0

max diff for correct model: 0.0
max diff for vague model: 0.0

max diff for correct model: 6.73000022289e-06
max diff for vague model: 0.0

max diff for correct model: 0.0
max diff for vague model: 0.0

max diff for correct model: 0.0
max diff for vague model: 0.0

max diff for correct model: 0.0
max diff for vague model: 0.0

max diff for correct model: 0.0
max diff for vague model: 0.0

max diff for correct model: 0.0
max diff for vague model: 0.0

max diff for correct model: 0.0
max diff for vague model: 0.0

max diff for correct model: 6.00002749707e-08
max diff for vague model: 0.0

max diff for correct model: 0.0
max diff for vague model: 0.0

max diff for correct model: 0.0
max diff for vague model: 0.0

max diff for correct model: 0.0
max diff for vague model: 0.0

max diff for correct model: 2.00002432393e-08
max diff for vague model: 0.0

max diff for correct model: 0.0
max diff for vague model: 0.0

max diff for correct model: 0.0
max diff for vague model: 0.0

max diff for correct model: 0.0
max diff for vague model: 0.0

max diff for correct model: 0.0
max diff for vague model: 0.0

max diff for correct model: 0.0
max diff for vague model: 0.0

max diff for correct model: 6.51000027574e-06
max diff for vague model: 0.0

max diff for correct model: 0.0
max diff for vague model: 0.0

max diff for correct model: 0.0
max diff for vague model: 0.0

max diff for correct model: 3.15999977829e-06
max diff for vague model: 0.0

max diff for correct model: 0.0
max diff for vague model: 0.0

max diff for correct model: 0.0
max diff for vague model: 0.0

max diff for correct model: 0.0
max diff for vague model: 0.0

max diff for correct model: 2.00000158657e-07
max diff for vague model: 0.0

max diff for correct model: 0.0
max diff for vague model: 0.0

max diff for correct model: 0.0
max diff for vague model: 0.0

max diff for correct model: 0.0
max diff for vague model: 0.0

max diff for correct model: 0.0
max diff for vague model: 0.0

max diff for correct model: 0.0
max diff for vague model: 0.0

max diff for correct model: 0.0
max diff for vague model: 0.0

max diff for correct model: 0.0
max diff for vague model: 0.0

max diff for correct model: 0.0
max diff for vague model: 0.0

max diff for correct model: 4.00000317313e-08
max diff for vague model: 0.0

max diff for correct model: 4.49999788543e-07
max diff for vague model: 0.0

max diff for correct model: 0.0
max diff for vague model: 0.0

max diff for correct model: 2.65300000137e-05
max diff for vague model: 0.0

max diff for correct model: 2.93799998872e-05
max diff for vague model: 0.0

max diff for correct model: 0.0
max diff for vague model: 0.0

max diff for correct model: 0.0
max diff for vague model: 0.0

max diff for correct model: 0.0
max diff for vague model: 0.0

max diff for correct model: 0.0
max diff for vague model: 0.0

max diff for correct model: 0.0
max diff for vague model: 0.0

max diff for correct model: 0.0
max diff for vague model: 0.0

max diff for correct model: 0.0
max diff for vague model: 0.0

max diff for correct model: 0.0
max diff for vague model: 0.0

max diff for correct model: 0.0
max diff for vague model: 0.0

max diff for correct model: 0.0
max diff for vague model: 0.0

max diff for correct model: 0.0
max diff for vague model: 0.0

max diff for correct model: 0.0
max diff for vague model: 0.0

max diff for correct model: 1.63099994097e-05
max diff for vague model: 0.0

max diff for correct model: 0.0
max diff for vague model: 0.0

max diff for correct model: 0.0
max diff for vague model: 0.0

max diff for correct model: 0.0
max diff for vague model: 0.0

max diff for correct model: 0.0
max diff for vague model: 0.0

max diff for correct model: 0.0
max diff for vague model: inf

max diff for correct model: 0.0
max diff for vague model: 0.0

max diff for correct model: 0.0
max diff for vague model: 0.0

max diff for correct model: 0.0
max diff for vague model: 0.0

max diff for correct model: 0.0
max diff for vague model: 0.0

max diff for correct model: 0.0
max diff for vague model: 0.0

max diff for correct model: 0.0
max diff for vague model: 0.0

max diff for correct model: 0.0
max diff for vague model: 0.0

max diff for correct model: 0.0
max diff for vague model: 0.0

max diff for correct model: 0.0
max diff for vague model: 0.0

max diff for correct model: 0.0
max diff for vague model: 0.0

max diff for correct model: 0.0
max diff for vague model: 0.0

max diff for correct model: 0.0
max diff for vague model: 0.0

max diff for correct model: 0.0
max diff for vague model: 0.0

max diff for correct model: 5.10000063514e-07
max diff for vague model: 0.0

max diff for correct model: 0.0
max diff for vague model: 0.0

max diff for correct model: 7.7999993664e-07
max diff for vague model: 0.0

max diff for correct model: 0.0
max diff for vague model: 0.0

max diff for correct model: 1.2999998944e-07
max diff for vague model: 0.0

max diff for correct model: 0.0
max diff for vague model: 0.0

max diff for correct model: 3.15999977829e-06
max diff for vague model: 0.0

max diff for correct model: 0.0
max diff for vague model: 0.0

max diff for correct model: 0.0
max diff for vague model: 0.0

max diff for correct model: 0.0
max diff for vague model: 0.0

max diff for correct model: 0.0
max diff for vague model: 0.0

max diff for correct model: 0.0
max diff for vague model: 0.0

max diff for correct model: 0.0
max diff for vague model: 0.0

max diff for correct model: 4.01999977839e-06
max diff for vague model: 0.0

max diff for correct model: 0.0
max diff for vague model: 0.0

max diff for correct model: 0.0
max diff for vague model: 0.0

max diff for correct model: 0.0
max diff for vague model: 0.0

max diff for correct model: 0.0
max diff for vague model: 0.0

max diff for correct model: 0.0
max diff for vague model: 0.0

Overall max quadrature difference for correct model: 2.93799998872e-05
Overall max quadrature difference for vague model: inf
